<?xml version="1.0" encoding="UTF-8"?>
<!-- Generated by org.testng.reporters.JUnitXMLReporter -->
<testsuite hostname="imacs-iMac.local" ignored="0" name="Search Test" tests="4" failures="1" timestamp="04 Mar 2018 19:50:37 GMT" time="16.264" errors="0">
  <testcase name="searchTest" time="1.071" classname="com.prestashop.tests.search.SearchTest"/>
  <testcase name="positiveLoginTest" time="8.741" classname="com.prestashop.tests.registration.LoginTests"/>
  <testcase name="productDetailsTest" time="0.019" classname="com.prestashop.tests.search.SearchTest">
    <failure type="org.openqa.selenium.NoSuchSessionException" message="Session ID is null. Using WebDriver after calling quit()?
Build info: version: &amp;apos;3.8.1&amp;apos;, revision: &amp;apos;6e95a6684b&amp;apos;, time: &amp;apos;2017-12-01T19:05:14.666Z&amp;apos;
System info: host: &amp;apos;imacs-iMac.local&amp;apos;, ip: &amp;apos;fe80:0:0:0:456:66fe:b790:b3c%en0&amp;apos;, os.name: &amp;apos;Mac OS X&amp;apos;, os.arch: &amp;apos;x86_64&amp;apos;, os.version: &amp;apos;10.12.6&amp;apos;, java.version: &amp;apos;1.8.0_151&amp;apos;
Driver info: driver.version: RemoteWebDriver">
      <![CDATA[org.openqa.selenium.NoSuchSessionException: Session ID is null. Using WebDriver after calling quit()?Build info: version: '3.8.1', revision: '6e95a6684b', time: '2017-12-01T19:05:14.666Z'System info: host: 'imacs-iMac.local', ip: 'fe80:0:0:0:456:66fe:b790:b3c%en0', os.name: 'Mac OS X', os.arch: 'x86_64', os.version: '10.12.6', java.version: '1.8.0_151'Driver info: driver.version: RemoteWebDriverat org.openqa.selenium.remote.HttpCommandExecutor.execute(HttpCommandExecutor.java:131)at org.openqa.selenium.remote.service.DriverCommandExecutor.execute(DriverCommandExecutor.java:83)at org.openqa.selenium.remote.RemoteWebDriver.execute(RemoteWebDriver.java:601)at org.openqa.selenium.remote.RemoteWebDriver.findElement(RemoteWebDriver.java:371)at org.openqa.selenium.remote.RemoteWebDriver.findElementByCssSelector(RemoteWebDriver.java:465)at org.openqa.selenium.By$ByCssSelector.findElement(By.java:430)at org.openqa.selenium.remote.RemoteWebDriver.findElement(RemoteWebDriver.java:363)at com.prestashop.pages.ResultPage.result(ResultPage.java:21)at com.prestashop.tests.search.SearchTest.productDetailsTest(SearchTest.java:39)... Removed 25 stack frames]]>
    </failure>
  </testcase> <!-- productDetailsTest -->
  <testcase name="practiceTest" time="0.001" classname="com.prestashop.tests.search.SearchTest"/>
</testsuite> <!-- Search Test -->
